1729663636767:run
1729663698168:manage-users
1729663750474:manage-users view
1729663826081:login existinguser newpassword
1729663875606:l
1729663881186:gnln
1729663887289:i
1729663888985:oio eq
1729753595083:manage-sensor view rt2394r8u4
1729753601605:manage-sensor view 123
1729753626267:login admin 1234
1729753675083:login admin password123
1729753724544:manage-sensor view 1
1729753866448:login admin password123
1729753880970:manage-sensor view 1
1729758842274:login admin password123
1729758847031:help
1729758853878:logout
1729758863573:view-logs
1729758891250:login admin password123
1729758893860:view-logs
1729761247925:help
1729761329482:login admin password123
1729761340447:help
1729761506489:login admin password123
1729761509656:htlp
1729761512016:help
1729761520687:view-logs
1729762107924:login admin password123
1729762112854:view-logs
1729762684007:login admin password123
1729762688589:view-logs
1729762695057:help
1729762704430:manage-users
1729762722075:stacktrace
1729762728427:clear
1729762739017:help
1729762749188:version
1729762753122:script
1729762757625:quit
1729762792867:view-logs
1729762799043:login admin password123
1729762806076:history
1729762818663:help
1729763935766:login admin password123
1729763938220:help
1729764029189:help view-logs
1729764418175:quit
1729764434516:hrlp
1729764437060:help
1729764844024:quit
1729764909251:help
1729765112557:quit
1729765124663:help
1729765130099:login admin password123
1729765133218:help
1729765141249:help view-logs
1729765152225:view-logs --help
1729765163352:logout --help
1729765399773:quit
1729765428869:help
1729765441716:login admin password123
1729765444006:help
1729765525802:quit
1729765542596:help
1729765572641:quit
1729765584868:login
1729765591020:login admin password123
1729765595224:view-logs
1729765597766:quit
